<?xml version="1.0" encoding="UTF-8"?>
<testng-results skipped="0" failed="1" ignored="0" total="1" passed="0">
  <reporter-output>
  </reporter-output>
  <suite name="Web Funcional Test" duration-ms="13328" started-at="2017-07-28T17:14:30Z" finished-at="2017-07-28T17:14:44Z">
    <groups>
    </groups>
    <test name="Linux-Chrome" duration-ms="13328" started-at="2017-07-28T17:14:30Z" finished-at="2017-07-28T17:14:44Z">
      <class name="webFunctionalTests.FunctionalViewTest">
        <test-method status="FAIL" signature="testViewProducts()[pri:0, instance:webFunctionalTests.FunctionalViewTest@5025a98f]" name="testViewProducts" duration-ms="1782" started-at="2017-07-28T14:14:42Z" finished-at="2017-07-28T14:14:44Z">
          <exception class="java.lang.NullPointerException">
            <full-stacktrace>
              <![CDATA[java.lang.NullPointerException
	at pages.Platform$4.getPasswordAuthentication(Platform.java:262)
	at java.net.Authenticator.requestPasswordAuthentication(Authenticator.java:317)
	at sun.net.www.protocol.http.HttpURLConnection$1.run(HttpURLConnection.java:453)
	at sun.net.www.protocol.http.HttpURLConnection$1.run(HttpURLConnection.java:448)
	at java.security.AccessController.doPrivileged(Native Method)
	at sun.net.www.protocol.http.HttpURLConnection.privilegedRequestPasswordAuthentication(HttpURLConnection.java:447)
	at sun.net.www.protocol.http.HttpURLConnection.getServerAuthentication(HttpURLConnection.java:2421)
	at sun.net.www.protocol.http.HttpURLConnection.getInputStream0(HttpURLConnection.java:1719)
	at sun.net.www.protocol.http.HttpURLConnection.getInputStream(HttpURLConnection.java:1474)
	at java.net.URLConnection.getContent(URLConnection.java:739)
	at sun.net.www.protocol.https.HttpsURLConnectionImpl.getContent(HttpsURLConnectionImpl.java:434)
	at pages.Platform.getIdProductsPlatform(Platform.java:268)
	at webFunctionalTests.FunctionalViewTest.testViewProducts(FunctionalViewTest.java:37)
	at sun.reflect.NativeMethodAccessorImpl.invoke0(Native Method)
	at sun.reflect.NativeMethodAccessorImpl.invoke(NativeMethodAccessorImpl.java:62)
	at sun.reflect.DelegatingMethodAccessorImpl.invoke(DelegatingMethodAccessorImpl.java:43)
	at java.lang.reflect.Method.invoke(Method.java:498)
	at org.testng.internal.MethodInvocationHelper.invokeMethod(MethodInvocationHelper.java:108)
	at org.testng.internal.Invoker.invokeMethod(Invoker.java:661)
	at org.testng.internal.Invoker.invokeTestMethod(Invoker.java:869)
	at org.testng.internal.Invoker.invokeTestMethods(Invoker.java:1193)
	at org.testng.internal.TestMethodWorker.invokeTestMethods(TestMethodWorker.java:126)
	at org.testng.internal.TestMethodWorker.run(TestMethodWorker.java:109)
	at org.testng.TestRunner.privateRun(TestRunner.java:744)
	at org.testng.TestRunner.run(TestRunner.java:602)
	at org.testng.SuiteRunner.runTest(SuiteRunner.java:380)
	at org.testng.SuiteRunner.runSequentially(SuiteRunner.java:375)
	at org.testng.SuiteRunner.privateRun(SuiteRunner.java:340)
	at org.testng.SuiteRunner.run(SuiteRunner.java:289)
	at org.testng.SuiteRunnerWorker.runSuite(SuiteRunnerWorker.java:52)
	at org.testng.SuiteRunnerWorker.run(SuiteRunnerWorker.java:86)
	at org.testng.TestNG.runSuitesSequentially(TestNG.java:1301)
	at org.testng.TestNG.runSuitesLocally(TestNG.java:1226)
	at org.testng.TestNG.runSuites(TestNG.java:1144)
	at org.testng.TestNG.run(TestNG.java:1115)
	at org.testng.remote.AbstractRemoteTestNG.run(AbstractRemoteTestNG.java:132)
	at org.testng.remote.RemoteTestNG.initAndRun(RemoteTestNG.java:230)
	at org.testng.remote.RemoteTestNG.main(RemoteTestNG.java:76)
]]>
            </full-stacktrace>
          </exception> <!-- java.lang.NullPointerException -->
          <reporter-output>
          </reporter-output>
        </test-method> <!-- testViewProducts -->
      </class> <!-- webFunctionalTests.FunctionalViewTest -->
      <class name="tools.CriarAmbienteWeb">
        <test-method status="PASS" signature="iniciarInstancia(java.lang.String, java.lang.String, java.lang.String)[pri:0, instance:tools.CriarAmbienteWeb@2d928643]" name="iniciarInstancia" is-config="true" duration-ms="11373" started-at="2017-07-28T14:14:30Z" finished-at="2017-07-28T14:14:42Z">
          <params>
            <param index="0">
              <value>
                <![CDATA[local]]>
              </value>
            </param>
            <param index="1">
              <value>
                <![CDATA[Chrome]]>
              </value>
            </param>
            <param index="2">
              <value>
                <![CDATA[54]]>
              </value>
            </param>
          </params>
          <reporter-output>
          </reporter-output>
        </test-method> <!-- iniciarInstancia -->
        <test-method status="PASS" signature="finalizar(java.lang.String)[pri:0, instance:tools.CriarAmbienteWeb@2d928643]" name="finalizar" is-config="true" duration-ms="83" started-at="2017-07-28T14:14:44Z" finished-at="2017-07-28T14:14:44Z">
          <params>
            <param index="0">
              <value is-null="true"/>
            </param>
          </params>
          <reporter-output>
          </reporter-output>
        </test-method> <!-- finalizar -->
      </class> <!-- tools.CriarAmbienteWeb -->
    </test> <!-- Linux-Chrome -->
  </suite> <!-- Web Funcional Test -->
</testng-results>
