<?xml version="1.0" encoding="UTF-8"?>
<!-- Generated by org.testng.reporters.JUnitXMLReporter -->
<testsuite hostname="juliana-ThinkPad-T440" ignored="0" name="Linux-Chrome" tests="1" failures="1" timestamp="28 jul 2017 17:14:44 GMT" time="13.328" errors="0">
  <testcase name="testViewProducts" time="1.782" classname="webFunctionalTests.FunctionalViewTest">
    <failure type="java.lang.NullPointerException">
      <![CDATA[java.lang.NullPointerException
	at pages.Platform$4.getPasswordAuthentication(Platform.java:262)
	at java.net.Authenticator.requestPasswordAuthentication(Authenticator.java:317)
	at sun.net.www.protocol.http.HttpURLConnection$1.run(HttpURLConnection.java:453)
	at sun.net.www.protocol.http.HttpURLConnection$1.run(HttpURLConnection.java:448)
	at java.security.AccessController.doPrivileged(Native Method)
	at sun.net.www.protocol.http.HttpURLConnection.privilegedRequestPasswordAuthentication(HttpURLConnection.java:447)
	at sun.net.www.protocol.http.HttpURLConnection.getServerAuthentication(HttpURLConnection.java:2421)
	at sun.net.www.protocol.http.HttpURLConnection.getInputStream0(HttpURLConnection.java:1719)
	at sun.net.www.protocol.http.HttpURLConnection.getInputStream(HttpURLConnection.java:1474)
	at java.net.URLConnection.getContent(URLConnection.java:739)
	at sun.net.www.protocol.https.HttpsURLConnectionImpl.getContent(HttpsURLConnectionImpl.java:434)
	at pages.Platform.getIdProductsPlatform(Platform.java:268)
	at webFunctionalTests.FunctionalViewTest.testViewProducts(FunctionalViewTest.java:37)
... Removed 25 stack frames]]>
    </failure>
  </testcase> <!-- testViewProducts -->
</testsuite> <!-- Linux-Chrome -->
